[debug] [2021-03-05T07:47:40.602Z] ----------------------------------------------------------------------
[debug] [2021-03-05T07:47:40.604Z] Command:       C:\Program Files\nodejs\node.exe C:\Users\jordi\AppData\Roaming\npm\node_modules\firebase-tools\lib\bin\firebase.js init
[debug] [2021-03-05T07:47:40.604Z] CLI Version:   9.5.0
[debug] [2021-03-05T07:47:40.604Z] Platform:      win32
[debug] [2021-03-05T07:47:40.604Z] Node Version:  v14.15.5
[debug] [2021-03-05T07:47:40.605Z] Time:          Fri Mar 05 2021 08:47:40 GMT+0100 (hora estándar de Europa central)
[debug] [2021-03-05T07:47:40.605Z] ----------------------------------------------------------------------
[debug] [2021-03-05T07:47:40.605Z] 
[debug] [2021-03-05T07:47:40.607Z] >>> [apiv2][query] GET https://firebase-public.firebaseio.com/cli.json [none]
[debug] [2021-03-05T07:47:40.623Z] > command requires scopes: ["email","openid","https://www.googleapis.com/auth/cloudplatformprojects.readonly","https://www.googleapis.com/auth/firebase","https://www.googleapis.com/auth/cloud-platform"]
[debug] [2021-03-05T07:47:40.624Z] > authorizing via signed-in user
[info] 
     ######## #### ########  ######## ########     ###     ######  ########
     ##        ##  ##     ## ##       ##     ##  ##   ##  ##       ##
     ######    ##  ########  ######   ########  #########  ######  ######
     ##        ##  ##    ##  ##       ##     ## ##     ##       ## ##
     ##       #### ##     ## ######## ########  ##     ##  ######  ########

You're about to initialize a Firebase project in this directory:

  C:\Users\jordi\OneDrive\Escritorio\IT Academy\0. FRONT-END DEVELOPER\4. Angular\new-angular-11\my-app\src

[debug] [2021-03-05T07:47:41.065Z] <<< [apiv2][status] GET https://firebase-public.firebaseio.com/cli.json 200
[debug] [2021-03-05T07:47:41.066Z] <<< [apiv2][body] GET https://firebase-public.firebaseio.com/cli.json {"cloudBuildErrorAfter":1594252800000,"cloudBuildWarnAfter":1590019200000,"defaultNode10After":1594252800000,"minVersion":"3.0.5","node8DeploysDisabledAfter":1613390400000,"node8RuntimeDisabledAfter":1615809600000,"node8WarnAfter":1600128000000}
[info] 
=== Project Setup
[info] 
[info] First, let's associate this project directory with a Firebase project.
[info] You can create multiple project aliases by running firebase use --add, 
[info] but for now we'll just set up a default project.
[info] 
